[30-Aug-2019 15:00:06 UTC] PHP Parse error:  syntax error, unexpected '<', expecting end of file in phar:///usr/local/bin/wp/vendor/wp-cli/wp-cli/php/WP_CLI/SynopsisValidator.php on line 92
[30-Aug-2019 15:00:06 UTC] PHP Parse error:  syntax error, unexpected '<', expecting end of file in phar:///usr/local/bin/wp/vendor/wp-cli/wp-cli/php/WP_CLI/SynopsisValidator.php on line 92
[30-Aug-2019 16:11:45 UTC] PHP Fatal error:  Uncaught Error: Call to undefined function wp_enquque_script() in /app/public/wp-content/themes/fictional-university-theme/functions.php:4
Stack trace:
#0 /app/public/wp-includes/class-wp-hook.php(286): university_files('')
#1 /app/public/wp-includes/class-wp-hook.php(310): WP_Hook->apply_filters(NULL, Array)
#2 /app/public/wp-includes/plugin.php(465): WP_Hook->do_action(Array)
#3 /app/public/wp-includes/script-loader.php(2537): do_action('wp_enqueue_scri...')
#4 /app/public/wp-includes/class-wp-hook.php(286): wp_enqueue_scripts('')
#5 /app/public/wp-includes/class-wp-hook.php(310): WP_Hook->apply_filters(NULL, Array)
#6 /app/public/wp-includes/plugin.php(465): WP_Hook->do_action(Array)
#7 /app/public/wp-includes/general-template.php(2745): do_action('wp_head')
#8 /app/public/wp-content/themes/fictional-university-theme/header.php(4): wp_head()
#9 /app/public/wp-includes/template.php(722): require_once('/app/public/wp-...')
#10 /app/public/wp-includes/template.php(671): load_template('/app/public/wp-...', tru in /app/public/wp-content/themes/fictional-university-theme/functions.php on line 4
[30-Aug-2019 16:38:45 UTC] PHP Fatal error:  Uncaught ArgumentCountError: Too few arguments to function wp_get_post_parent_id(), 0 passed in /app/public/wp-content/themes/fictional-university-theme/page.php on line 22 and exactly 1 expected in /app/public/wp-includes/post.php:6595
Stack trace:
#0 /app/public/wp-content/themes/fictional-university-theme/page.php(22): wp_get_post_parent_id()
#1 /app/public/wp-includes/template-loader.php(78): include('/app/public/wp-...')
#2 /app/public/wp-blog-header.php(19): require_once('/app/public/wp-...')
#3 /app/public/index.php(17): require('/app/public/wp-...')
#4 {main}
  thrown in /app/public/wp-includes/post.php on line 6595
[30-Aug-2019 17:10:11 UTC] PHP Parse error:  syntax error, unexpected ';', expecting ')' in /app/public/wp-content/themes/fictional-university-theme/page.php on line 37
[01-Sep-2019 10:16:20 UTC] PHP Parse error:  syntax error, unexpected '}', expecting ',' or ';' in /app/public/wp-content/themes/fictional-university-theme/archive.php on line 9
[02-Sep-2019 19:51:09 UTC] PHP Warning:  call_user_func_array() expects parameter 1 to be a valid callback, function 'university_post_types' not found or invalid function name in /app/public/wp-includes/class-wp-hook.php on line 286
[02-Sep-2019 20:09:10 UTC] PHP Parse error:  syntax error, unexpected end of file in /app/public/wp-content/themes/fictional-university-theme/front-page.php on line 110
[02-Sep-2019 20:09:41 UTC] PHP Parse error:  syntax error, unexpected end of file in /app/public/wp-content/themes/fictional-university-theme/front-page.php on line 109
[02-Sep-2019 20:47:07 UTC] PHP Fatal error:  Uncaught ArgumentCountError: Too few arguments to function get_post_type_archive_link(), 0 passed in /app/public/wp-content/themes/fictional-university-theme/front-page.php on line 45 and exactly 1 expected in /app/public/wp-includes/link-template.php:1198
Stack trace:
#0 /app/public/wp-content/themes/fictional-university-theme/front-page.php(45): get_post_type_archive_link()
#1 /app/public/wp-includes/template-loader.php(78): include('/app/public/wp-...')
#2 /app/public/wp-blog-header.php(19): require_once('/app/public/wp-...')
#3 /app/public/index.php(17): require('/app/public/wp-...')
#4 {main}
  thrown in /app/public/wp-includes/link-template.php on line 1198
[02-Sep-2019 20:47:15 UTC] PHP Fatal error:  Uncaught ArgumentCountError: Too few arguments to function get_post_type_archive_link(), 0 passed in /app/public/wp-content/themes/fictional-university-theme/front-page.php on line 45 and exactly 1 expected in /app/public/wp-includes/link-template.php:1198
Stack trace:
#0 /app/public/wp-content/themes/fictional-university-theme/front-page.php(45): get_post_type_archive_link()
#1 /app/public/wp-includes/template-loader.php(78): include('/app/public/wp-...')
#2 /app/public/wp-blog-header.php(19): require_once('/app/public/wp-...')
#3 /app/public/index.php(17): require('/app/public/wp-...')
#4 {main}
  thrown in /app/public/wp-includes/link-template.php on line 1198
[02-Sep-2019 20:47:20 UTC] PHP Fatal error:  Uncaught ArgumentCountError: Too few arguments to function get_post_type_archive_link(), 0 passed in /app/public/wp-content/themes/fictional-university-theme/front-page.php on line 45 and exactly 1 expected in /app/public/wp-includes/link-template.php:1198
Stack trace:
#0 /app/public/wp-content/themes/fictional-university-theme/front-page.php(45): get_post_type_archive_link()
#1 /app/public/wp-includes/template-loader.php(78): include('/app/public/wp-...')
#2 /app/public/wp-blog-header.php(19): require_once('/app/public/wp-...')
#3 /app/public/index.php(17): require('/app/public/wp-...')
#4 {main}
  thrown in /app/public/wp-includes/link-template.php on line 1198
[02-Sep-2019 20:48:21 UTC] PHP Fatal error:  Uncaught ArgumentCountError: Too few arguments to function get_post_type_archive_link(), 0 passed in /app/public/wp-content/themes/fictional-university-theme/front-page.php on line 45 and exactly 1 expected in /app/public/wp-includes/link-template.php:1198
Stack trace:
#0 /app/public/wp-content/themes/fictional-university-theme/front-page.php(45): get_post_type_archive_link()
#1 /app/public/wp-includes/template-loader.php(78): include('/app/public/wp-...')
#2 /app/public/wp-blog-header.php(19): require_once('/app/public/wp-...')
#3 /app/public/index.php(17): require('/app/public/wp-...')
#4 {main}
  thrown in /app/public/wp-includes/link-template.php on line 1198
[02-Sep-2019 20:48:33 UTC] PHP Fatal error:  Uncaught ArgumentCountError: Too few arguments to function get_post_type_archive_link(), 0 passed in /app/public/wp-content/themes/fictional-university-theme/front-page.php on line 45 and exactly 1 expected in /app/public/wp-includes/link-template.php:1198
Stack trace:
#0 /app/public/wp-content/themes/fictional-university-theme/front-page.php(45): get_post_type_archive_link()
#1 /app/public/wp-includes/template-loader.php(78): include('/app/public/wp-...')
#2 /app/public/wp-blog-header.php(19): require_once('/app/public/wp-...')
#3 /app/public/index.php(17): require('/app/public/wp-...')
#4 {main}
  thrown in /app/public/wp-includes/link-template.php on line 1198
[02-Sep-2019 20:48:36 UTC] PHP Fatal error:  Uncaught ArgumentCountError: Too few arguments to function get_post_type_archive_link(), 0 passed in /app/public/wp-content/themes/fictional-university-theme/front-page.php on line 45 and exactly 1 expected in /app/public/wp-includes/link-template.php:1198
Stack trace:
#0 /app/public/wp-content/themes/fictional-university-theme/front-page.php(45): get_post_type_archive_link()
#1 /app/public/wp-includes/template-loader.php(78): include('/app/public/wp-...')
#2 /app/public/wp-blog-header.php(19): require_once('/app/public/wp-...')
#3 /app/public/index.php(17): require('/app/public/wp-...')
#4 {main}
  thrown in /app/public/wp-includes/link-template.php on line 1198
[02-Sep-2019 21:11:08 UTC] PHP Fatal error:  Uncaught Exception: DateTime::__construct(): Failed to parse time string (24/10/2019) at position 0 (2): Unexpected character in /app/public/wp-content/themes/fictional-university-theme/front-page.php:28
Stack trace:
#0 /app/public/wp-content/themes/fictional-university-theme/front-page.php(28): DateTime->__construct('24/10/2019')
#1 /app/public/wp-includes/template-loader.php(78): include('/app/public/wp-...')
#2 /app/public/wp-blog-header.php(19): require_once('/app/public/wp-...')
#3 /app/public/index.php(17): require('/app/public/wp-...')
#4 {main}
  thrown in /app/public/wp-content/themes/fictional-university-theme/front-page.php on line 28
[02-Sep-2019 21:12:53 UTC] PHP Fatal error:  Uncaught Exception: DateTime::__construct(): Failed to parse time string (24/10/2019) at position 0 (2): Unexpected character in /app/public/wp-content/themes/fictional-university-theme/front-page.php:28
Stack trace:
#0 /app/public/wp-content/themes/fictional-university-theme/front-page.php(28): DateTime->__construct('24/10/2019')
#1 /app/public/wp-includes/template-loader.php(78): include('/app/public/wp-...')
#2 /app/public/wp-blog-header.php(19): require_once('/app/public/wp-...')
#3 /app/public/index.php(17): require('/app/public/wp-...')
#4 {main}
  thrown in /app/public/wp-content/themes/fictional-university-theme/front-page.php on line 28
[02-Sep-2019 21:13:14 UTC] PHP Fatal error:  Uncaught Exception: DateTime::__construct(): Failed to parse time string (24/10/2019) at position 0 (2): Unexpected character in /app/public/wp-content/themes/fictional-university-theme/front-page.php:28
Stack trace:
#0 /app/public/wp-content/themes/fictional-university-theme/front-page.php(28): DateTime->__construct('24/10/2019')
#1 /app/public/wp-includes/template-loader.php(78): include('/app/public/wp-...')
#2 /app/public/wp-blog-header.php(19): require_once('/app/public/wp-...')
#3 /app/public/index.php(17): require('/app/public/wp-...')
#4 {main}
  thrown in /app/public/wp-content/themes/fictional-university-theme/front-page.php on line 28
[02-Sep-2019 21:15:31 UTC] PHP Fatal error:  Uncaught Exception: DateTime::__construct(): Failed to parse time string (24/10/2019) at position 0 (2): Unexpected character in /app/public/wp-content/themes/fictional-university-theme/front-page.php:28
Stack trace:
#0 /app/public/wp-content/themes/fictional-university-theme/front-page.php(28): DateTime->__construct('24/10/2019')
#1 /app/public/wp-includes/template-loader.php(78): include('/app/public/wp-...')
#2 /app/public/wp-blog-header.php(19): require_once('/app/public/wp-...')
#3 /app/public/index.php(17): require('/app/public/wp-...')
#4 {main}
  thrown in /app/public/wp-content/themes/fictional-university-theme/front-page.php on line 28
[02-Sep-2019 21:18:54 UTC] PHP Fatal error:  Uncaught Exception: DateTime::__construct(): Failed to parse time string (24/10/2019) at position 0 (2): Unexpected character in /app/public/wp-content/themes/fictional-university-theme/front-page.php:28
Stack trace:
#0 /app/public/wp-content/themes/fictional-university-theme/front-page.php(28): DateTime->__construct('24/10/2019')
#1 /app/public/wp-includes/template-loader.php(78): include('/app/public/wp-...')
#2 /app/public/wp-blog-header.php(19): require_once('/app/public/wp-...')
#3 /app/public/index.php(17): require('/app/public/wp-...')
#4 {main}
  thrown in /app/public/wp-content/themes/fictional-university-theme/front-page.php on line 28
[02-Sep-2019 21:19:10 UTC] PHP Fatal error:  Uncaught Exception: DateTime::__construct(): Failed to parse time string (24/10/2019) at position 0 (2): Unexpected character in /app/public/wp-content/themes/fictional-university-theme/front-page.php:28
Stack trace:
#0 /app/public/wp-content/themes/fictional-university-theme/front-page.php(28): DateTime->__construct('24/10/2019')
#1 /app/public/wp-includes/template-loader.php(78): include('/app/public/wp-...')
#2 /app/public/wp-blog-header.php(19): require_once('/app/public/wp-...')
#3 /app/public/index.php(17): require('/app/public/wp-...')
#4 {main}
  thrown in /app/public/wp-content/themes/fictional-university-theme/front-page.php on line 28
[02-Sep-2019 21:19:18 UTC] PHP Fatal error:  Uncaught Exception: DateTime::__construct(): Failed to parse time string (24/10/2019) at position 0 (2): Unexpected character in /app/public/wp-content/themes/fictional-university-theme/front-page.php:28
Stack trace:
#0 /app/public/wp-content/themes/fictional-university-theme/front-page.php(28): DateTime->__construct('24/10/2019')
#1 /app/public/wp-includes/template-loader.php(78): include('/app/public/wp-...')
#2 /app/public/wp-blog-header.php(19): require_once('/app/public/wp-...')
#3 /app/public/index.php(17): require('/app/public/wp-...')
#4 {main}
  thrown in /app/public/wp-content/themes/fictional-university-theme/front-page.php on line 28
[02-Sep-2019 21:20:09 UTC] PHP Fatal error:  Uncaught Exception: DateTime::__construct(): Failed to parse time string (24/10/2019) at position 0 (2): Unexpected character in /app/public/wp-content/themes/fictional-university-theme/front-page.php:28
Stack trace:
#0 /app/public/wp-content/themes/fictional-university-theme/front-page.php(28): DateTime->__construct('24/10/2019')
#1 /app/public/wp-includes/template-loader.php(78): include('/app/public/wp-...')
#2 /app/public/wp-blog-header.php(19): require_once('/app/public/wp-...')
#3 /app/public/index.php(17): require('/app/public/wp-...')
#4 {main}
  thrown in /app/public/wp-content/themes/fictional-university-theme/front-page.php on line 28
[04-Sep-2019 17:31:17 UTC] PHP Fatal error:  Uncaught ArgumentCountError: Too few arguments to function WP_Query::set(), 0 passed in /app/public/wp-content/themes/fictional-university-theme/functions.php on line 25 and exactly 2 expected in /app/public/wp-includes/class-wp-query.php:1723
Stack trace:
#0 /app/public/wp-content/themes/fictional-university-theme/functions.php(25): WP_Query->set()
#1 /app/public/wp-includes/class-wp-hook.php(286): university_adjust_queries(Object(WP_Query))
#2 /app/public/wp-includes/class-wp-hook.php(310): WP_Hook->apply_filters('', Array)
#3 /app/public/wp-includes/plugin.php(531): WP_Hook->do_action(Array)
#4 /app/public/wp-includes/class-wp-query.php(1753): do_action_ref_array('pre_get_posts', Array)
#5 /app/public/wp-includes/class-wp-query.php(3404): WP_Query->get_posts()
#6 /app/public/wp-includes/class-wp.php(622): WP_Query->query(Array)
#7 /app/public/wp-includes/class-wp.php(739): WP->query_posts()
#8 /app/public/wp-includes/functions.php(1105): WP->main('')
#9 /app/public/wp-blog-header.php(16): wp()
#10 /app/pub in /app/public/wp-includes/class-wp-query.php on line 1723
[04-Sep-2019 20:33:13 UTC] PHP Parse error:  syntax error, unexpected 'echo' (T_ECHO), expecting ',' or ';' in /app/public/wp-content/themes/fictional-university-theme/single-event.php on line 26
[04-Sep-2019 20:44:03 UTC] PHP Parse error:  syntax error, unexpected ';', expecting ')' in /app/public/wp-content/themes/fictional-university-theme/single-program.php on line 43
[04-Sep-2019 21:09:06 UTC] PHP Fatal error:  Uncaught Error: Call to a member function have_posts() on null in /app/public/wp-content/themes/fictional-university-theme/single-program.php:47
Stack trace:
#0 /app/public/wp-includes/template-loader.php(78): include()
#1 /app/public/wp-blog-header.php(19): require_once('/app/public/wp-...')
#2 /app/public/index.php(17): require('/app/public/wp-...')
#3 {main}
  thrown in /app/public/wp-content/themes/fictional-university-theme/single-program.php on line 47
[09-Sep-2019 19:37:20 UTC] PHP Fatal error:  Uncaught ArgumentCountError: Too few arguments to function pageBanner(), 0 passed in /app/public/wp-content/themes/fictional-university-theme/page.php on line 7 and exactly 1 expected in /app/public/wp-content/themes/fictional-university-theme/functions.php:2
Stack trace:
#0 /app/public/wp-content/themes/fictional-university-theme/page.php(7): pageBanner()
#1 /app/public/wp-includes/template-loader.php(78): include('/app/public/wp-...')
#2 /app/public/wp-blog-header.php(19): require_once('/app/public/wp-...')
#3 /app/public/index.php(17): require('/app/public/wp-...')
#4 {main}
  thrown in /app/public/wp-content/themes/fictional-university-theme/functions.php on line 2
[13-Sep-2019 12:22:19 UTC] PHP Parse error:  syntax error, unexpected '}', expecting ',' or ';' in /app/public/wp-content/themes/fictional-university-theme/single-program.php on line 90
[13-Sep-2019 12:25:25 UTC] PHP Parse error:  syntax error, unexpected 'foreach' (T_FOREACH), expecting ',' or ';' in /app/public/wp-content/themes/fictional-university-theme/single-program.php on line 91
[15-Sep-2019 17:37:39 UTC] PHP Parse error:  syntax error, unexpected ';', expecting ')' in /app/public/wp-content/themes/fictional-university-theme/inc/search-route.php on line 22
[15-Sep-2019 19:55:42 UTC] PHP Parse error:  syntax error, unexpected '}' in /app/public/wp-content/themes/fictional-university-theme/inc/search-route.php on line 86
[15-Sep-2019 20:56:51 UTC] PHP Parse error:  syntax error, unexpected '}', expecting ',' or ';' in /app/public/wp-content/themes/fictional-university-theme/search.php on line 20
[22-Sep-2019 18:30:14 UTC] PHP Parse error:  syntax error, unexpected ')' in /app/public/wp-content/themes/fictional-university-theme/inc/like-route.php on line 24
[22-Sep-2019 18:30:15 UTC] PHP Parse error:  syntax error, unexpected ')' in /app/public/wp-content/themes/fictional-university-theme/inc/like-route.php on line 24
